0 silly argv {
0 silly argv   _: [ 'version' ],
0 silly argv   'conventional-commits': true,
0 silly argv   conventionalCommits: true,
0 silly argv   yes: true,
0 silly argv   y: true,
0 silly argv   private: false,
0 silly argv   lernaVersion: '8.1.8',
0 silly argv   '$0': '/Users/InfinityPaul/Sites/afrikit/node_modules/.bin/lerna'
0 silly argv }
1 notice cli v8.1.8
2 verbose packageConfigs Explicit "packages" configuration found in lerna.json. Resolving packages using the configured glob(s): ["packages/*"]
3 verbose rootPath /Users/InfinityPaul/Sites/afrikit
4 info versioning independent
5 silly isAnythingCommitted
6 verbose isAnythingCommitted 1
7 silly getCurrentBranch
8 verbose currentBranch main
9 silly remoteBranchExists
10 silly isBehindUpstream
11 error Error: Command was killed with SIGINT (User interruption with CTRL-C): git remote update
11 error     at makeError (/Users/InfinityPaul/Sites/afrikit/node_modules/lerna/node_modules/execa/lib/error.js:59:11)
11 error     at module.exports.sync (/Users/InfinityPaul/Sites/afrikit/node_modules/lerna/node_modules/execa/index.js:186:17)
11 error     at Object.execSync (/Users/InfinityPaul/Sites/afrikit/node_modules/lerna/dist/index.js:1579:31)
11 error     at updateRemote (/Users/InfinityPaul/Sites/afrikit/node_modules/lerna/dist/index.js:9196:18)
11 error     at isBehindUpstream (/Users/InfinityPaul/Sites/afrikit/node_modules/lerna/dist/index.js:9186:3)
11 error     at VersionCommand.initialize (/Users/InfinityPaul/Sites/afrikit/node_modules/lerna/dist/index.js:9477:57)
